c:\users\1050468\desktop\find groundtruth in 1b\find groundtruth in 1b\x64\release\vc141.pdb
c:\users\1050468\desktop\find groundtruth in 1b\find groundtruth in 1b\x64\release\source.obj
d:\find groundtruth in 1b\find groundtruth in 1b\x64\release\vc141.pdb
d:\find groundtruth in 1b\find groundtruth in 1b\x64\release\source_cross.obj
d:\find groundtruth in 1b\find groundtruth in 1b\x64\release\source_sift.obj
d:\find groundtruth in 1b\find groundtruth in 1b\x64\release\source_sift - 複製.obj
c:\users\1050468\desktop\find groundtruth in 1b\x64\release\find groundtruth in 1b.ipdb
c:\users\1050468\desktop\find groundtruth in 1b\x64\release\find groundtruth in 1b.iobj
d:\find groundtruth in 1b\x64\release\find groundtruth in 1b.ipdb
d:\find groundtruth in 1b\x64\release\find groundtruth in 1b.iobj
c:\users\1050468\desktop\find groundtruth in 1b\x64\release\find groundtruth in 1b.exe
c:\users\1050468\desktop\find groundtruth in 1b\x64\release\find groundtruth in 1b.pdb
d:\find groundtruth in 1b\x64\release\find groundtruth in 1b.exe
d:\find groundtruth in 1b\x64\release\find groundtruth in 1b.pdb
d:\find groundtruth in 1b\find groundtruth in 1b\x64\release\source.obj
d:\find groundtruth in 1b\find groundtruth in 1b\x64\release\find gro.1867e4f6.tlog\cl.command.1.tlog
d:\find groundtruth in 1b\find groundtruth in 1b\x64\release\find gro.1867e4f6.tlog\cl.read.1.tlog
d:\find groundtruth in 1b\find groundtruth in 1b\x64\release\find gro.1867e4f6.tlog\cl.write.1.tlog
d:\find groundtruth in 1b\find groundtruth in 1b\x64\release\find gro.1867e4f6.tlog\find groundtruth in 1b.write.1u.tlog
d:\find groundtruth in 1b\find groundtruth in 1b\x64\release\find gro.1867e4f6.tlog\link.command.1.tlog
d:\find groundtruth in 1b\find groundtruth in 1b\x64\release\find gro.1867e4f6.tlog\link.read.1.tlog
d:\find groundtruth in 1b\find groundtruth in 1b\x64\release\find gro.1867e4f6.tlog\link.write.1.tlog
